# JRE version: OpenJDK Runtime Environment Temurin-17.0.16+8 (17.0.16+8) (build 17.0.16+8)
# Java VM: OpenJDK 64-Bit Server VM Temurin-17.0.16+8 (17.0.16+8, mixed mode, sharing, tiered, compressed oops, compressed class ptrs, g1 gc, windows-amd64)
GC Precious Log:
 CPUs: 12 total, 12 available
 Memory: 7876M
 Large Page Support: Disabled
 NUMA Support: Disabled
 Compressed Oops: Enabled (32-bit)
 Heap Region Size: 1M
 Heap Min Capacity: 8M
 Heap Initial Capacity: 124M
 Heap Max Capacity: 1970M
 Pre-touch: Disabled
 Parallel Workers: 10
 Concurrent Workers: 3
 Concurrent Refinement Workers: 10
 Periodic GC: Disabled
Heap:
 garbage-first heap   total 79872K, used 34709K [0x0000000084e00000, 0x0000000100000000)
  region size 1024K, 13 young (13312K), 4 survivors (4096K)
 Metaspace       used 60187K, committed 60800K, reserved 1114112K
  class space    used 8354K, committed 8640K, reserved 1048576K
GC Heap History (20 events):
Event: 4.994 GC heap before
{Heap before GC invocations=4 (full 0):
 garbage-first heap   total 55296K, used 39764K [0x0000000084e00000, 0x0000000100000000)
  region size 1024K, 32 young (32768K), 7 survivors (7168K)
 Metaspace       used 24186K, committed 24640K, reserved 1114112K
  class space    used 3136K, committed 3328K, reserved 1048576K
}
Event: 5.004 GC heap after
{Heap after GC invocations=5 (full 0):
 garbage-first heap   total 55296K, used 15703K [0x0000000084e00000, 0x0000000100000000)
  region size 1024K, 3 young (3072K), 3 survivors (3072K)
 Metaspace       used 24186K, committed 24640K, reserved 1114112K
  class space    used 3136K, committed 3328K, reserved 1048576K
}
Event: 5.041 GC heap before
{Heap before GC invocations=5 (full 0):
 garbage-first heap   total 55296K, used 15703K [0x0000000084e00000, 0x0000000100000000)
  region size 1024K, 4 young (4096K), 3 survivors (3072K)
 Metaspace       used 24300K, committed 24704K, reserved 1114112K
  class space    used 3160K, committed 3328K, reserved 1048576K
}
Event: 5.046 GC heap after
{Heap after GC invocations=6 (full 0):
 garbage-first heap   total 55296K, used 15856K [0x0000000084e00000, 0x0000000100000000)
  region size 1024K, 1 young (1024K), 1 survivors (1024K)
 Metaspace       used 24300K, committed 24704K, reserved 1114112K
  class space    used 3160K, committed 3328K, reserved 1048576K
}
Event: 6.285 GC heap before
{Heap before GC invocations=6 (full 0):
 garbage-first heap   total 55296K, used 38384K [0x0000000084e00000, 0x0000000100000000)
  region size 1024K, 23 young (23552K), 1 survivors (1024K)
 Metaspace       used 27656K, committed 28096K, reserved 1114112K
  class space    used 3698K, committed 3904K, reserved 1048576K
}
Event: 6.291 GC heap after
{Heap after GC invocations=7 (full 0):
 garbage-first heap   total 55296K, used 17694K [0x0000000084e00000, 0x0000000100000000)
  region size 1024K, 3 young (3072K), 3 survivors (3072K)
 Metaspace       used 27656K, committed 28096K, reserved 1114112K
  class space    used 3698K, committed 3904K, reserved 1048576K
}
Event: 7.731 GC heap before
{Heap before GC invocations=7 (full 0):
 garbage-first heap   total 55296K, used 39198K [0x0000000084e00000, 0x0000000100000000)
  region size 1024K, 24 young (24576K), 3 survivors (3072K)
 Metaspace       used 31264K, committed 31744K, reserved 1114112K
  class space    used 4111K, committed 4352K, reserved 1048576K
}
Event: 7.735 GC heap after
{Heap after GC invocations=8 (full 0):
 garbage-first heap   total 55296K, used 19591K [0x0000000084e00000, 0x0000000100000000)
  region size 1024K, 2 young (2048K), 2 survivors (2048K)
 Metaspace       used 31264K, committed 31744K, reserved 1114112K
  class space    used 4111K, committed 4352K, reserved 1048576K
}
Event: 8.684 GC heap before
{Heap before GC invocations=8 (full 0):
 garbage-first heap   total 55296K, used 39047K [0x0000000084e00000, 0x0000000100000000)
  region size 1024K, 22 young (22528K), 2 survivors (2048K)
 Metaspace       used 35530K, committed 35968K, reserved 1114112K
  class space    used 4734K, committed 4928K, reserved 1048576K
}
Event: 8.689 GC heap after
{Heap after GC invocations=9 (full 0):
 garbage-first heap   total 55296K, used 20503K [0x0000000084e00000, 0x0000000100000000)
  region size 1024K, 1 young (1024K), 1 survivors (1024K)
 Metaspace       used 35530K, committed 35968K, reserved 1114112K
  class space    used 4734K, committed 4928K, reserved 1048576K
}
Event: 10.851 GC heap before
{Heap before GC invocations=10 (full 0):
 garbage-first heap   total 55296K, used 40983K [0x0000000084e00000, 0x0000000100000000)
  region size 1024K, 21 young (21504K), 1 survivors (1024K)
 Metaspace       used 40879K, committed 41344K, reserved 1114112K
  class space    used 5503K, committed 5696K, reserved 1048576K
}
Event: 10.854 GC heap after
{Heap after GC invocations=11 (full 0):
 garbage-first heap   total 79872K, used 21588K [0x0000000084e00000, 0x0000000100000000)
  region size 1024K, 2 young (2048K), 2 survivors (2048K)
 Metaspace       used 40879K, committed 41344K, reserved 1114112K
  class space    used 5503K, committed 5696K, reserved 1048576K
}
Event: 10.941 GC heap before
{Heap before GC invocations=11 (full 0):
 garbage-first heap   total 79872K, used 22612K [0x0000000084e00000, 0x0000000100000000)
  region size 1024K, 3 young (3072K), 2 survivors (2048K)
 Metaspace       used 41054K, committed 41472K, reserved 1114112K
  class space    used 5526K, committed 5696K, reserved 1048576K
}
Event: 10.945 GC heap after
{Heap after GC invocations=12 (full 0):
 garbage-first heap   total 79872K, used 21527K [0x0000000084e00000, 0x0000000100000000)
  region size 1024K, 1 young (1024K), 1 survivors (1024K)
 Metaspace       used 41054K, committed 41472K, reserved 1114112K
  class space    used 5526K, committed 5696K, reserved 1048576K
}
Event: 12.704 GC heap before
{Heap before GC invocations=12 (full 0):
 garbage-first heap   total 79872K, used 59415K [0x0000000084e00000, 0x0000000100000000)
  region size 1024K, 39 young (39936K), 1 survivors (1024K)
 Metaspace       used 49471K, committed 49920K, reserved 1114112K
  class space    used 6771K, committed 6976K, reserved 1048576K
}
Event: 12.707 GC heap after
{Heap after GC invocations=13 (full 0):
 garbage-first heap   total 79872K, used 23542K [0x0000000084e00000, 0x0000000100000000)
  region size 1024K, 3 young (3072K), 3 survivors (3072K)
 Metaspace       used 49471K, committed 49920K, reserved 1114112K
  class space    used 6771K, committed 6976K, reserved 1048576K
}
Event: 13.925 GC heap before
{Heap before GC invocations=13 (full 0):
 garbage-first heap   total 79872K, used 61430K [0x0000000084e00000, 0x0000000100000000)
  region size 1024K, 40 young (40960K), 3 survivors (3072K)
 Metaspace       used 56750K, committed 57280K, reserved 1114112K
  class space    used 7838K, committed 8064K, reserved 1048576K
}
Event: 13.931 GC heap after
{Heap after GC invocations=14 (full 0):
 garbage-first heap   total 79872K, used 25274K [0x0000000084e00000, 0x0000000100000000)
  region size 1024K, 5 young (5120K), 5 survivors (5120K)
 Metaspace       used 56750K, committed 57280K, reserved 1114112K
  class space    used 7838K, committed 8064K, reserved 1048576K
}
Event: 14.924 GC heap before
{Heap before GC invocations=14 (full 0):
 garbage-first heap   total 79872K, used 38586K [0x0000000084e00000, 0x0000000100000000)
  region size 1024K, 19 young (19456K), 5 survivors (5120K)
 Metaspace       used 59623K, committed 60160K, reserved 1114112K
  class space    used 8220K, committed 8448K, reserved 1048576K
}
Event: 14.930 GC heap after
{Heap after GC invocations=15 (full 0):
 garbage-first heap   total 79872K, used 26517K [0x0000000084e00000, 0x0000000100000000)
  region size 1024K, 4 young (4096K), 4 survivors (4096K)
 Metaspace       used 59623K, committed 60160K, reserved 1114112K
  class space    used 8220K, committed 8448K, reserved 1048576K
}

